<?xml version="1.0" encoding="UTF-8"?>
<testng-results skipped="0" failed="0" ignored="0" total="1" passed="1">
  <reporter-output>
  </reporter-output>
  <suite name="Default suite" duration-ms="37236" started-at="2018-10-23T16:48:33Z" finished-at="2018-10-23T16:49:11Z">
    <groups>
    </groups>
    <test name="Default test" duration-ms="37236" started-at="2018-10-23T16:48:33Z" finished-at="2018-10-23T16:49:11Z">
      <class name="test.GseasTest">
        <test-method status="PASS" signature="BeforeTest()[pri:0, instance:test.GseasTest@69a3d1d]" name="BeforeTest" is-config="true" duration-ms="9580" started-at="2018-10-23T16:48:33Z" finished-at="2018-10-23T16:48:43Z">
          <reporter-output>
          </reporter-output>
        </test-method> <!-- BeforeTest -->
        <test-method status="PASS" signature="BeforeMethod()[pri:0, instance:test.GseasTest@69a3d1d]" name="BeforeMethod" is-config="true" duration-ms="13093" started-at="2018-10-23T16:48:43Z" finished-at="2018-10-23T16:48:56Z">
          <reporter-output>
          </reporter-output>
        </test-method> <!-- BeforeMethod -->
        <test-method status="PASS" signature="test()[pri:0, instance:test.GseasTest@69a3d1d]" name="test" duration-ms="14495" started-at="2018-10-23T16:48:56Z" finished-at="2018-10-23T16:49:11Z">
          <reporter-output>
          </reporter-output>
        </test-method> <!-- test -->
      </class> <!-- test.GseasTest -->
    </test> <!-- Default test -->
  </suite> <!-- Default suite -->
</testng-results>
